<?xml version="1.0" encoding="UTF-8"?>
<!-- Generated by org.testng.reporters.JUnitXMLReporter -->
<testsuite hostname="186590cb242d.ant.amazon.com" name="GeoCodeTest" tests="2" failures="1" timestamp="11 Aug 2019 08:15:44 GMT" time="1.869" errors="0">
  <testcase name="testGeoCodeCorrectness" time="1.336" classname="com.google.apitest.TestGeoCode"/>
  <testcase name="testGeoCodeCorrectness" time="0.358" classname="com.google.apitest.TestGeoCode">
    <failure type="java.lang.IndexOutOfBoundsException" message="Index: 0, Size: 0">
      <![CDATA[java.lang.IndexOutOfBoundsException: Index: 0, Size: 0
	at java.util.ArrayList.rangeCheck(ArrayList.java:657)
	at java.util.ArrayList.get(ArrayList.java:433)
	at com.google.CallerUtils.ResponseUtil.getGeoDataFromHttpResponse(ResponseUtil.java:30)
	at com.google.apitest.TestGeoCode.testGeoCodeCorrectness(TestGeoCode.java:75)
... Removed 33 stack frames]]>
    </failure>
  </testcase> <!-- testGeoCodeCorrectness -->
</testsuite> <!-- GeoCodeTest -->
