<?xml version="1.0" encoding="UTF-8"?>
<testsuite name="TestSuite" time="1.703" tests="2" errors="0" skipped="0" failures="1">
  <properties>
[...]
</properties>
  <testcase name="testGeoCodeCorrectness" classname="com.google.apitest.TestGeoCode" time="1.338"/>
  <testcase name="testGeoCodeCorrectness" classname="com.google.apitest.TestGeoCode" time="0.365">
    <failure message="Index: 0, Size: 0" type="java.lang.IndexOutOfBoundsException">java.lang.IndexOutOfBoundsException: Index: 0, Size: 0
	at java.util.ArrayList.rangeCheck(ArrayList.java:657)
	at java.util.ArrayList.get(ArrayList.java:433)
	at com.google.CallerUtils.ResponseUtil.getGeoDataFromHttpResponse(ResponseUtil.java:30)
	at com.google.apitest.TestGeoCode.testGeoCodeCorrectness(TestGeoCode.java:75)
</failure>
    <system-out><![CDATA[Test Method resides in com.google.apitest.TestGeoCode
Test Method had the following parameters : nullcom.google.model.GeoData@76c3e77a,
Test Status: Pass
About to begin executing following method : TestGeoCode.afterMethod
Completed executing following method : TestGeoCode.afterMethod
About to begin executing following method : TestGeoCode.beforeMethod
Completed executing following method : TestGeoCode.beforeMethod
About to begin executing following method : TestGeoCode.testGeoCodeCorrectness
2019-08-11 13:45:44 INFO  RequestUtil:20 - Calling URI: https://maps.googleapis.com/maps/api/geocode/json?address=Parimala+Sunridge+Varthur+Main+Road+560066&key=AIzaSyB0OH4mhEOLORkbf9rC6L2Tyy50khUSrwk
Completed executing following method : TestGeoCode.testGeoCodeCorrectness
]]></system-out>
  </testcase>
</testsuite>