<?xml version="1.0" encoding="UTF-8"?>
<testng-results skipped="0" failed="1" total="2" passed="1">
  <reporter-output>
    <line>
      <![CDATA[About to begin executing Suite GoogleAPITest]]>
    </line>
    <line>
      <![CDATA[Completed executing Suite GeoCodeTest]]>
    </line>
    <line>
      <![CDATA[About to begin executing following method : TestGeoCode.beforeMethod]]>
    </line>
    <line>
      <![CDATA[Executing before test method]]>
    </line>
    <line>
      <![CDATA[Completed executing following method : TestGeoCode.beforeMethod]]>
    </line>
    <line>
      <![CDATA[The execution of the main test starts now]]>
    </line>
    <line>
      <![CDATA[About to begin executing following method : TestGeoCode.testGeoCodeCorrectness]]>
    </line>
    <line>
      <![CDATA[Completed executing following method : TestGeoCode.testGeoCodeCorrectness]]>
    </line>
    <line>
      <![CDATA[Test Method resides in com.google.apitest.TestGeoCode]]>
    </line>
    <line>
      <![CDATA[Test Method had the following parameters : nullcom.google.model.GeoData@76c3e77a,]]>
    </line>
    <line>
      <![CDATA[Test Status: Pass]]>
    </line>
    <line>
      <![CDATA[About to begin executing following method : TestGeoCode.afterMethod]]>
    </line>
    <line>
      <![CDATA[Executing after test method]]>
    </line>
    <line>
      <![CDATA[Completed executing following method : TestGeoCode.afterMethod]]>
    </line>
    <line>
      <![CDATA[About to begin executing following method : TestGeoCode.beforeMethod]]>
    </line>
    <line>
      <![CDATA[Executing before test method]]>
    </line>
    <line>
      <![CDATA[Completed executing following method : TestGeoCode.beforeMethod]]>
    </line>
    <line>
      <![CDATA[The execution of the main test starts now]]>
    </line>
    <line>
      <![CDATA[About to begin executing following method : TestGeoCode.testGeoCodeCorrectness]]>
    </line>
    <line>
      <![CDATA[Completed executing following method : TestGeoCode.testGeoCodeCorrectness]]>
    </line>
    <line>
      <![CDATA[Test Method resides in com.google.apitest.TestGeoCode]]>
    </line>
    <line>
      <![CDATA[Test Method had the following parameters : nullcom.google.model.GeoData@16610890,]]>
    </line>
    <line>
      <![CDATA[Test Status: Failed]]>
    </line>
    <line>
      <![CDATA[About to begin executing following method : TestGeoCode.afterMethod]]>
    </line>
    <line>
      <![CDATA[Executing after test method]]>
    </line>
    <line>
      <![CDATA[Completed executing following method : TestGeoCode.afterMethod]]>
    </line>
    <line>
      <![CDATA[About to begin executing Test GeoCodeTest]]>
    </line>
    <line>
      <![CDATA[Completed executing Suite GoogleAPITest]]>
    </line>
  </reporter-output>
  <suite name="GoogleAPITest" duration-ms="1869" started-at="2019-08-11T08:15:42Z" finished-at="2019-08-11T08:15:44Z">
    <groups>
    </groups>
    <test name="GeoCodeTest" duration-ms="1869" started-at="2019-08-11T08:15:42Z" finished-at="2019-08-11T08:15:44Z">
      <class name="com.google.apitest.TestGeoCode">
        <test-method status="PASS" signature="beforeMethod()[pri:0, instance:com.google.apitest.TestGeoCode@462d5aee]" name="beforeMethod" is-config="true" duration-ms="5" started-at="2019-08-11T13:45:42Z" finished-at="2019-08-11T13:45:42Z">
          <reporter-output>
            <line>
              <![CDATA[Executing before test method]]>
            </line>
            <line>
              <![CDATA[Completed executing following method : TestGeoCode.beforeMethod]]>
            </line>
          </reporter-output>
        </test-method> <!-- beforeMethod -->
        <test-method status="PASS" signature="testGeoCodeCorrectness(com.google.model.GeoData)[pri:0, instance:com.google.apitest.TestGeoCode@462d5aee]" name="testGeoCodeCorrectness" duration-ms="1336" started-at="2019-08-11T13:45:42Z" data-provider="ProvideValidData" finished-at="2019-08-11T13:45:44Z">
          <params>
            <param index="0">
              <value>
                <![CDATA[com.google.model.GeoData@76c3e77a]]>
              </value>
            </param>
          </params>
          <reporter-output>
            <line>
              <![CDATA[Completed executing following method : TestGeoCode.testGeoCodeCorrectness]]>
            </line>
            <line>
              <![CDATA[Test Method resides in com.google.apitest.TestGeoCode]]>
            </line>
            <line>
              <![CDATA[Test Method had the following parameters : nullcom.google.model.GeoData@76c3e77a,]]>
            </line>
            <line>
              <![CDATA[Test Status: Pass]]>
            </line>
            <line>
              <![CDATA[About to begin executing following method : TestGeoCode.afterMethod]]>
            </line>
          </reporter-output>
        </test-method> <!-- testGeoCodeCorrectness -->
        <test-method status="PASS" signature="afterMethod()[pri:0, instance:com.google.apitest.TestGeoCode@462d5aee]" name="afterMethod" is-config="true" duration-ms="1" started-at="2019-08-11T13:45:44Z" finished-at="2019-08-11T13:45:44Z">
          <reporter-output>
            <line>
              <![CDATA[Executing after test method]]>
            </line>
            <line>
              <![CDATA[Completed executing following method : TestGeoCode.afterMethod]]>
            </line>
          </reporter-output>
        </test-method> <!-- afterMethod -->
        <test-method status="PASS" signature="beforeMethod()[pri:0, instance:com.google.apitest.TestGeoCode@462d5aee]" name="beforeMethod" is-config="true" duration-ms="11" started-at="2019-08-11T13:45:44Z" finished-at="2019-08-11T13:45:44Z">
          <reporter-output>
            <line>
              <![CDATA[Executing before test method]]>
            </line>
            <line>
              <![CDATA[Completed executing following method : TestGeoCode.beforeMethod]]>
            </line>
          </reporter-output>
        </test-method> <!-- beforeMethod -->
        <test-method status="FAIL" signature="testGeoCodeCorrectness(com.google.model.GeoData)[pri:0, instance:com.google.apitest.TestGeoCode@462d5aee]" name="testGeoCodeCorrectness" duration-ms="358" started-at="2019-08-11T13:45:44Z" data-provider="ProvideValidData" finished-at="2019-08-11T13:45:44Z">
          <params>
            <param index="0">
              <value>
                <![CDATA[com.google.model.GeoData@16610890]]>
              </value>
            </param>
          </params>
          <exception class="java.lang.IndexOutOfBoundsException">
            <message>
              <![CDATA[Index: 0, Size: 0]]>
            </message>
            <full-stacktrace>
              <![CDATA[java.lang.IndexOutOfBoundsException: Index: 0, Size: 0
	at java.util.ArrayList.rangeCheck(ArrayList.java:657)
	at java.util.ArrayList.get(ArrayList.java:433)
	at com.google.CallerUtils.ResponseUtil.getGeoDataFromHttpResponse(ResponseUtil.java:30)
	at com.google.apitest.TestGeoCode.testGeoCodeCorrectness(TestGeoCode.java:75)
	at sun.reflect.NativeMethodAccessorImpl.invoke0(Native Method)
	at sun.reflect.NativeMethodAccessorImpl.invoke(NativeMethodAccessorImpl.java:62)
	at sun.reflect.DelegatingMethodAccessorImpl.invoke(DelegatingMethodAccessorImpl.java:43)
	at java.lang.reflect.Method.invoke(Method.java:498)
	at org.testng.internal.MethodInvocationHelper.invokeMethod(MethodInvocationHelper.java:84)
	at org.testng.internal.Invoker.invokeMethod(Invoker.java:714)
	at org.testng.internal.Invoker.invokeTestMethod(Invoker.java:901)
	at org.testng.internal.Invoker.invokeTestMethods(Invoker.java:1231)
	at org.testng.internal.TestMethodWorker.invokeTestMethods(TestMethodWorker.java:127)
	at org.testng.internal.TestMethodWorker.run(TestMethodWorker.java:111)
	at org.testng.TestRunner.privateRun(TestRunner.java:767)
	at org.testng.TestRunner.run(TestRunner.java:617)
	at org.testng.SuiteRunner.runTest(SuiteRunner.java:348)
	at org.testng.SuiteRunner.runSequentially(SuiteRunner.java:343)
	at org.testng.SuiteRunner.privateRun(SuiteRunner.java:305)
	at org.testng.SuiteRunner.run(SuiteRunner.java:254)
	at org.testng.SuiteRunnerWorker.runSuite(SuiteRunnerWorker.java:52)
	at org.testng.SuiteRunnerWorker.run(SuiteRunnerWorker.java:86)
	at org.testng.TestNG.runSuitesSequentially(TestNG.java:1224)
	at org.testng.TestNG.runSuitesLocally(TestNG.java:1149)
	at org.testng.TestNG.run(TestNG.java:1057)
	at org.apache.maven.surefire.testng.TestNGExecutor.run(TestNGExecutor.java:178)
	at org.apache.maven.surefire.testng.TestNGXmlTestSuite.execute(TestNGXmlTestSuite.java:92)
	at org.apache.maven.surefire.testng.TestNGProvider.invoke(TestNGProvider.java:96)
	at sun.reflect.NativeMethodAccessorImpl.invoke0(Native Method)
	at sun.reflect.NativeMethodAccessorImpl.invoke(NativeMethodAccessorImpl.java:62)
	at sun.reflect.DelegatingMethodAccessorImpl.invoke(DelegatingMethodAccessorImpl.java:43)
	at java.lang.reflect.Method.invoke(Method.java:498)
	at org.apache.maven.surefire.util.ReflectionUtils.invokeMethodWithArray2(ReflectionUtils.java:208)
	at org.apache.maven.surefire.booter.ProviderFactory$ProviderProxy.invoke(ProviderFactory.java:159)
	at org.apache.maven.surefire.booter.ProviderFactory.invokeProvider(ProviderFactory.java:87)
	at org.apache.maven.surefire.booter.ForkedBooter.runSuitesInProcess(ForkedBooter.java:153)
	at org.apache.maven.surefire.booter.ForkedBooter.main(ForkedBooter.java:95)
]]>
            </full-stacktrace>
          </exception> <!-- java.lang.IndexOutOfBoundsException -->
          <reporter-output>
            <line>
              <![CDATA[Completed executing following method : TestGeoCode.testGeoCodeCorrectness]]>
            </line>
            <line>
              <![CDATA[Test Method resides in com.google.apitest.TestGeoCode]]>
            </line>
            <line>
              <![CDATA[Test Method had the following parameters : nullcom.google.model.GeoData@16610890,]]>
            </line>
            <line>
              <![CDATA[Test Status: Failed]]>
            </line>
            <line>
              <![CDATA[About to begin executing following method : TestGeoCode.afterMethod]]>
            </line>
          </reporter-output>
        </test-method> <!-- testGeoCodeCorrectness -->
        <test-method status="PASS" signature="afterMethod()[pri:0, instance:com.google.apitest.TestGeoCode@462d5aee]" name="afterMethod" is-config="true" duration-ms="0" started-at="2019-08-11T13:45:44Z" finished-at="2019-08-11T13:45:44Z">
          <reporter-output>
            <line>
              <![CDATA[Executing after test method]]>
            </line>
            <line>
              <![CDATA[Completed executing following method : TestGeoCode.afterMethod]]>
            </line>
          </reporter-output>
        </test-method> <!-- afterMethod -->
      </class> <!-- com.google.apitest.TestGeoCode -->
    </test> <!-- GeoCodeTest -->
  </suite> <!-- GoogleAPITest -->
</testng-results>
